# JRE version: OpenJDK Runtime Environment (8.0_112-b21) (build 1.8.0_112-release-736-b21)
# Java VM: OpenJDK 64-Bit Server VM (25.112-b21 mixed mode windows-amd64 compressed oops)
Heap:
 par new generation   total 39296K, used 7195K [0x00000000d1200000, 0x00000000d3ca0000, 0x00000000e0c00000)
  eden space 34944K,   8% used [0x00000000d1200000, 0x00000000d14c6f88, 0x00000000d3420000)
  from space 4352K, 100% used [0x00000000d3860000, 0x00000000d3ca0000, 0x00000000d3ca0000)
  to   space 4352K,   0% used [0x00000000d3420000, 0x00000000d3420000, 0x00000000d3860000)
 concurrent mark-sweep generation total 87424K, used 70441K [0x00000000e0c00000, 0x00000000e6160000, 0x0000000100000000)
 Metaspace       used 96724K, capacity 100892K, committed 101140K, reserved 1136640K
  class space    used 13269K, capacity 14327K, committed 14424K, reserved 1048576K
GC Heap History (10 events):
Event: 8.852 GC heap before
{Heap before GC invocations=16 (full 3):
 par new generation   total 39296K, used 39296K [0x00000000d1200000, 0x00000000d3ca0000, 0x00000000e0c00000)
  eden space 34944K, 100% used [0x00000000d1200000, 0x00000000d3420000, 0x00000000d3420000)
  from space 4352K, 100% used [0x00000000d3420000, 0x00000000d3860000, 0x00000000d3860000)
  to   space 4352K,   0% used [0x00000000d3860000, 0x00000000d3860000, 0x00000000d3ca0000)
 concurrent mark-sweep generation total 87424K, used 53052K [0x00000000e0c00000, 0x00000000e6160000, 0x0000000100000000)
 Metaspace       used 84692K, capacity 88176K, committed 88468K, reserved 1124352K
  class space    used 11656K, capacity 12641K, committed 12760K, reserved 1048576K
Event: 8.859 GC heap after
Heap after GC invocations=17 (full 3):
 par new generation   total 39296K, used 4317K [0x00000000d1200000, 0x00000000d3ca0000, 0x00000000e0c00000)
  eden space 34944K,   0% used [0x00000000d1200000, 0x00000000d1200000, 0x00000000d3420000)
  from space 4352K,  99% used [0x00000000d3860000, 0x00000000d3c97418, 0x00000000d3ca0000)
  to   space 4352K,   0% used [0x00000000d3420000, 0x00000000d3420000, 0x00000000d3860000)
 concurrent mark-sweep generation total 87424K, used 55202K [0x00000000e0c00000, 0x00000000e6160000, 0x0000000100000000)
 Metaspace       used 84692K, capacity 88176K, committed 88468K, reserved 1124352K
  class space    used 11656K, capacity 12641K, committed 12760K, reserved 1048576K
}
Event: 9.252 GC heap before
{Heap before GC invocations=17 (full 3):
 par new generation   total 39296K, used 39261K [0x00000000d1200000, 0x00000000d3ca0000, 0x00000000e0c00000)
  eden space 34944K, 100% used [0x00000000d1200000, 0x00000000d3420000, 0x00000000d3420000)
  from space 4352K,  99% used [0x00000000d3860000, 0x00000000d3c97418, 0x00000000d3ca0000)
  to   space 4352K,   0% used [0x00000000d3420000, 0x00000000d3420000, 0x00000000d3860000)
 concurrent mark-sweep generation total 87424K, used 55202K [0x00000000e0c00000, 0x00000000e6160000, 0x0000000100000000)
 Metaspace       used 88423K, capacity 91896K, committed 92180K, reserved 1128448K
  class space    used 12146K, capacity 13134K, committed 13144K, reserved 1048576K
Event: 9.259 GC heap after
Heap after GC invocations=18 (full 3):
 par new generation   total 39296K, used 4352K [0x00000000d1200000, 0x00000000d3ca0000, 0x00000000e0c00000)
  eden space 34944K,   0% used [0x00000000d1200000, 0x00000000d1200000, 0x00000000d3420000)
  from space 4352K, 100% used [0x00000000d3420000, 0x00000000d3860000, 0x00000000d3860000)
  to   space 4352K,   0% used [0x00000000d3860000, 0x00000000d3860000, 0x00000000d3ca0000)
 concurrent mark-sweep generation total 87424K, used 57537K [0x00000000e0c00000, 0x00000000e6160000, 0x0000000100000000)
 Metaspace       used 88423K, capacity 91896K, committed 92180K, reserved 1128448K
  class space    used 12146K, capacity 13134K, committed 13144K, reserved 1048576K
}
Event: 9.501 GC heap before
{Heap before GC invocations=18 (full 3):
 par new generation   total 39296K, used 39296K [0x00000000d1200000, 0x00000000d3ca0000, 0x00000000e0c00000)
  eden space 34944K, 100% used [0x00000000d1200000, 0x00000000d3420000, 0x00000000d3420000)
  from space 4352K, 100% used [0x00000000d3420000, 0x00000000d3860000, 0x00000000d3860000)
  to   space 4352K,   0% used [0x00000000d3860000, 0x00000000d3860000, 0x00000000d3ca0000)
 concurrent mark-sweep generation total 87424K, used 57537K [0x00000000e0c00000, 0x00000000e6160000, 0x0000000100000000)
 Metaspace       used 89770K, capacity 93426K, committed 93716K, reserved 1130496K
  class space    used 12319K, capacity 13349K, committed 13400K, reserved 1048576K
Event: 9.511 GC heap after
Heap after GC invocations=19 (full 3):
 par new generation   total 39296K, used 4352K [0x00000000d1200000, 0x00000000d3ca0000, 0x00000000e0c00000)
  eden space 34944K,   0% used [0x00000000d1200000, 0x00000000d1200000, 0x00000000d3420000)
  from space 4352K, 100% used [0x00000000d3860000, 0x00000000d3ca0000, 0x00000000d3ca0000)
  to   space 4352K,   0% used [0x00000000d3420000, 0x00000000d3420000, 0x00000000d3860000)
 concurrent mark-sweep generation total 87424K, used 62041K [0x00000000e0c00000, 0x00000000e6160000, 0x0000000100000000)
 Metaspace       used 89770K, capacity 93426K, committed 93716K, reserved 1130496K
  class space    used 12319K, capacity 13349K, committed 13400K, reserved 1048576K
}
Event: 10.437 GC heap before
{Heap before GC invocations=19 (full 3):
 par new generation   total 39296K, used 39296K [0x00000000d1200000, 0x00000000d3ca0000, 0x00000000e0c00000)
  eden space 34944K, 100% used [0x00000000d1200000, 0x00000000d3420000, 0x00000000d3420000)
  from space 4352K, 100% used [0x00000000d3860000, 0x00000000d3ca0000, 0x00000000d3ca0000)
  to   space 4352K,   0% used [0x00000000d3420000, 0x00000000d3420000, 0x00000000d3860000)
 concurrent mark-sweep generation total 87424K, used 62041K [0x00000000e0c00000, 0x00000000e6160000, 0x0000000100000000)
 Metaspace       used 96533K, capacity 100682K, committed 100884K, reserved 1136640K
  class space    used 13267K, capacity 14326K, committed 14424K, reserved 1048576K
Event: 10.446 GC heap after
Heap after GC invocations=20 (full 3):
 par new generation   total 39296K, used 4352K [0x00000000d1200000, 0x00000000d3ca0000, 0x00000000e0c00000)
  eden space 34944K,   0% used [0x00000000d1200000, 0x00000000d1200000, 0x00000000d3420000)
  from space 4352K, 100% used [0x00000000d3420000, 0x00000000d3860000, 0x00000000d3860000)
  to   space 4352K,   0% used [0x00000000d3860000, 0x00000000d3860000, 0x00000000d3ca0000)
 concurrent mark-sweep generation total 87424K, used 66919K [0x00000000e0c00000, 0x00000000e6160000, 0x0000000100000000)
 Metaspace       used 96533K, capacity 100682K, committed 100884K, reserved 1136640K
  class space    used 13267K, capacity 14326K, committed 14424K, reserved 1048576K
}
Event: 11.659 GC heap before
{Heap before GC invocations=20 (full 3):
 par new generation   total 39296K, used 39296K [0x00000000d1200000, 0x00000000d3ca0000, 0x00000000e0c00000)
  eden space 34944K, 100% used [0x00000000d1200000, 0x00000000d3420000, 0x00000000d3420000)
  from space 4352K, 100% used [0x00000000d3420000, 0x00000000d3860000, 0x00000000d3860000)
  to   space 4352K,   0% used [0x00000000d3860000, 0x00000000d3860000, 0x00000000d3ca0000)
 concurrent mark-sweep generation total 87424K, used 66919K [0x00000000e0c00000, 0x00000000e6160000, 0x0000000100000000)
 Metaspace       used 96723K, capacity 100892K, committed 101140K, reserved 1136640K
  class space    used 13269K, capacity 14327K, committed 14424K, reserved 1048576K
Event: 11.669 GC heap after
Heap after GC invocations=21 (full 3):
 par new generation   total 39296K, used 4352K [0x00000000d1200000, 0x00000000d3ca0000, 0x00000000e0c00000)
  eden space 34944K,   0% used [0x00000000d1200000, 0x00000000d1200000, 0x00000000d3420000)
  from space 4352K, 100% used [0x00000000d3860000, 0x00000000d3ca0000, 0x00000000d3ca0000)
  to   space 4352K,   0% used [0x00000000d3420000, 0x00000000d3420000, 0x00000000d3860000)
 concurrent mark-sweep generation total 87424K, used 70441K [0x00000000e0c00000, 0x00000000e6160000, 0x0000000100000000)
 Metaspace       used 96723K, capacity 100892K, committed 101140K, reserved 1136640K
  class space    used 13269K, capacity 14327K, committed 14424K, reserved 1048576K
}

